<?xml version="1.0" encoding="UTF-8"?>
<testsuite xmlns:xsi="http://www.w3.org/2001/XMLSchema-instance" xsi:noNamespaceSchemaLocation="https://maven.apache.org/surefire/maven-surefire-plugin/xsd/surefire-test-report-3.0.xsd" version="3.0" name="TestSuite" time="8.927" tests="6" errors="0" skipped="0" failures="0">
  <properties>
[...]
</properties>
  <testcase name="runScenario[&quot;Go to site and login3&quot;, &quot;Optional[Login Test]&quot;](1)" classname="com.hanrideb.Runner.Runner" time="1.139">
    <system-out><![CDATA[[Configuration] [WARN] Detected a static method [com.hanrideb.Runner.Runner.beforeClass()]. Static configuration methods can cause  unexpected behavior.
[Configuration] [WARN] Detected a static method [com.hanrideb.Runner.Runner.beforeClass()]. Static configuration methods can cause  unexpected behavior.

@bing
Scenario: Go to site and login3 &amp#27;[90m# src/test/java/com/hanrideb/Feature/Login.feature:20&amp#27;[0m

@bing
Scenario: Go to site and login2       &amp#27;[90m# src/test/java/com/hanrideb/Feature/Login.feature:12&amp#27;[0m

@bing
Scenario: Go to site and login        &amp#27;[90m# src/test/java/com/hanrideb/Feature/Login.feature:4&amp#27;[0m
  &amp#27;[32mGiven &amp#27;[0m&amp#27;[32msiteye git&amp#27;[0m                    &amp#27;[90m# com.hanrideb.Steps.LoginSteps.siteye_git()&amp#27;[0m
  &amp#27;[32mGiven &amp#27;[0m&amp#27;[32msiteye git&amp#27;[0m              &amp#27;[90m# com.hanrideb.Steps.LoginSteps.siteye_git()&amp#27;[0m
]]></system-out>
    <system-err><![CDATA[SLF4J: Failed to load class "org.slf4j.impl.StaticLoggerBinder".
SLF4J: Defaulting to no-operation (NOP) logger implementation
SLF4J: See http://www.slf4j.org/codes.html#StaticLoggerBinder for further details.
116445620442545290825	4g5e9cko1d6r4i4v58e2r60		2I4gN5eF9cO8	k5Lo	igdsetrcekinovidenrgri 	voIenrN FO		ILNiFsOt	eLniinsgt eonni n1g2 7o.n0 .1012.721.:705..3009.00..11::5365
3720242

StSSttaaarrrtttiinngg  CCihrnoghm reCoDhrmrieoDmerDrivveerr 9 i89v.8e0.r0. 4.74957885..808..084 07( 75(f807.4f880084e 88(b87afe008db48ae8080de1891b88a7e0c0d6813e290511a8911768cc762c3962d3592ab517a6fc124699cd82999b-d7r9febf47s9f/b84r99a-8nr9che--frhsee/fbasr/dbasrn/ca4hn7-c5hh8-eah@de{as#d/9s47/7245}8)@ {o#n97 p2o}r)t  o5n4 2po6r2t
 O6n4l8y7 8l
Oocnally  cloocnnaelc tcioonnnesc tairoen s aalrleo wae7ld5l.o8
Pl@e{a#s9e7 s2e}e )h totnp sp:or/t/ c6h0r1o1me9d
rOivnelyr .lcohrcwoaemld i.uc
onmn.eocrtgio/nsse caurreit y-aclolonwseidd.e
rPalteiaonses  sfeoer  hstutgpgse:s/t/icohnrs oomne dkreeipvienrg.c hCrhormoimuem.Dorrivge/rs escaufrei.t
y-considePralteiaonsse  sfeoer  hstutgpgse:s/t/icohnrso moen dkreepiivnegr .CchhrroommeiDurmi.voer safe.
rg/security-considerations for suggestions on keeping ChromeDriver safe.
CChrhormoemCeDhrromievDerri wvaesr  swtaasr tsetda rstuecdc essuscfcuelslsyf.
Driver was started successfully.
ully.
1644520246292	mozrunner::runner	INFO	Running command: "/Applications/Firefox.app/Contents/MacOS/firefox-bin" "--marionette" "--start-maximized" "-headless" "--remote-debugging-port" "59530" "-foreground" "-no-remote" "-profile" "/var/folders/s8/m14jyfl92lq2_g4mt6m1z2980000gn/T/rust_mozprofile6Ng5Xr"
1644520246295	mozrunner::runner	INFO	Running command: "/Applications/Firefox.app/Contents/MacOS/firefox-bin" "--ma1644520246297	mozrurnnieorn::ertutnen"e r"	-I-NsFtOa	rRtu-nmnaixnigm iczoemdm"a n"d-:h e"a/dAlpepslsi"c a"t-i-orns/eFimrote-debeufgogxi.nagp-pp/oCrotn"t e"n5t1s3/4M7"a c"O-Sf/ofriergerfoouxn-db"i n""- n"o---rmeamroitoene"t t"e-"p r"o-f-isltea"r t"-/mvaaxri/folmdiezres/s8/m14jyfl92lq2_g4mt6m1z2980000gn/T/rust_mozprofilekZT7kD"
d" "-headless" "--remote-debugging-port" "63733" "-foreground" "-no-remote" "-profile" "/var/folders/s8/m14jyfl92lq2_g4mt6m1z2980000gn/T/rust_mozprofileYjPzUY"
*** You are running in headless mode.
*** You are running in headless mode.
*** You are running in headless mode.
1644520246910	Marionette	INFO	Marionette enabled
1644520247038	Marionette	INFO	Marionette enabled
Feb 10, 2022 10:10:47 PM org.openqa.selenium.remote.ProtocolHandshake createSession
INFO: Detected dialect: W3C
Feb 10, 2022 10:10:47 PM org.openqa.selenium.remote.ProtocolHandshake createSession
INFO: Detected dialect: W3C
1644520247155	Marionette	INFO	Marionette enabled
Feb 10, 2022 10:10:47 PM org.openqa.selenium.devtools.CdpVersionFinder findNearestMatch
WARNING: Unable to find an exact match for CDP version 98, so returning the closest version found: 95
Feb 10, 2022 10:10:47 PM org.openqa.selenium.devtools.CdpVersionFinder findNearestMatch
WARNING: Unable to find an exact match for CDP version 98, so returning the closest version found: 95
Feb 10, 2022 10:10:47 PM org.openqa.selenium.devtools.CdpVersionFinder findNearestMatch
INFO: Found CDP implementation for version 98 of 95
Feb 10, 2022 10:10:47 PM org.openqa.selenium.devtools.CdpVersionFinder findNearestMatch
INFO: Found CDP implementation for version 98 of 95
Feb 10, 2022 10:10:47 PM org.openqa.selenium.remote.ProtocolHandshake createSession
INFO: Detected dialect: W3C
Feb 10, 2022 10:10:47 PM org.openqa.selenium.devtools.CdpVersionFinder findNearestMatch
WARNING: Unable to find an exact match for CDP version 98, so returning the closest version found: 95
Feb 10, 2022 10:10:47 PM org.openqa.selenium.devtools.CdpVersionFinder findNearestMatch
INFO: Found CDP implementation for version 98 of 95
[GFX1-]: RenderCompositorSWGL failed mapping default framebuffer, no dt
[GFX1-]: RenderCompositorSWGL failed mapping default framebuffer, no dt
[GFX1-]: RenderCompositorSWGL failed mapping default framebuffer, no dt
console.warn: SearchSettings: "get: No settings file exists, new profile?" (new NotFoundError("Could not open the file at /var/folders/s8/m14jyfl92lq2_g4mt6m1z2980000gn/T/rust_mozprofile6Ng5Xr/search.json.mozlz4", (void 0)))
console.warn: SearchSettings: "get: No settings file exists, new profile?" (new NotFoundError("Could not open the file at /var/folders/s8/m14jyfl92lq2_g4mt6m1z2980000gn/T/rust_mozprofilekZT7kD/search.json.mozlz4", (void 0)))
console.warn: SearchSettings: "get: No settings file exists, new profile?" (new NotFoundError("Could not open the file at /var/folders/s8/m14jyfl92lq2_g4mt6m1z2980000gn/T/rust_mozprofileYjPzUY/search.json.mozlz4", (void 0)))
]]></system-err>
  </testcase>
  <testcase name="runScenario[&quot;Go to site and login3&quot;, &quot;Optional[Login Test]&quot;](1)" classname="com.hanrideb.Runner.Runner" time="1.9">
    <system-out><![CDATA[  &amp#27;[32mGiven &amp#27;[0m&amp#27;[32msiteye git&amp#27;[0m                    &amp#27;[90m# com.hanrideb.Steps.LoginSteps.siteye_git()&amp#27;[0m
  &amp#27;[32mAnd &amp#27;[0m&amp#27;[32musername doldur "&amp#27;[0m&amp#27;[32m&amp#27;[1mstandard_user&amp#27;[0m&amp#27;[32m"&amp#27;[0m &amp#27;[90m# com.hanrideb.Steps.LoginSteps.usernameDoldur(java.lang.String)&amp#27;[0m
  &amp#27;[32mAnd &amp#27;[0m&amp#27;[32mpassword doldur "&amp#27;[0m&amp#27;[32m&amp#27;[1msecret_sauce&amp#27;[0m&amp#27;[32m"&amp#27;[0m  &amp#27;[90m# com.hanrideb.Steps.LoginSteps.passwordDoldur(java.lang.String)&amp#27;[0m
  &amp#27;[32mGiven &amp#27;[0m&amp#27;[32msiteye git&amp#27;[0m              &amp#27;[90m# com.hanrideb.Steps.LoginSteps.siteye_git()&amp#27;[0m
  &amp#27;[32mGiven &amp#27;[0m&amp#27;[32msiteye git&amp#27;[0m                    &amp#27;[90m# com.hanrideb.Steps.LoginSteps.siteye_git()&amp#27;[0m
]]></system-out>
    <system-err><![CDATA[1644520250787	Marionette	INFO	Stopped listening on port 59466
console.warn: LoginRecipes: "getRecipes: falling back to a synchronous message for:" "https://www.saucedemo.com"
console.warn: LoginRecipes: "getRecipes: falling back to a synchronous message for:" "https://www.sJaauvcaeSdcerimpot. ceormr"o
r: resource://gre/modules/LoginManagerParent.jsm, line 136: TypeError: gRecipeManager is null
]]></system-err>
  </testcase>
  <testcase name="runScenario[&quot;Go to site and login&quot;, &quot;Optional[Login Test]&quot;](2)" classname="com.hanrideb.Runner.Runner" time="0.387">
    <system-out><![CDATA[  &amp#27;[32mAnd &amp#27;[0m&amp#27;[32musername doldur "&amp#27;[0m&amp#27;[32m&amp#27;[1mstandard_user&amp#27;[0m&amp#27;[32m"&amp#27;[0m &amp#27;[90m# com.hanrideb.Steps.LoginSteps.usernameDoldur(java.lang.String)&amp#27;[0m
  &amp#27;[32mGiven &amp#27;[0m&amp#27;[32msiteye git&amp#27;[0m                    &amp#27;[90m# com.hanrideb.Steps.LoginSteps.siteye_git()&amp#27;[0m
  &amp#27;[32mAnd &amp#27;[0m&amp#27;[32mpassword doldur "&amp#27;[0m&amp#27;[32m&amp#27;[1msecret_sauce&amp#27;[0m&amp#27;[32m"&amp#27;[0m  &amp#27;[90m# com.hanrideb.Steps.LoginSteps.passwordDoldur(java.lang.String)&amp#27;[0m
  &amp#27;[32mAnd &amp#27;[0m&amp#27;[32musername doldur "&amp#27;[0m&amp#27;[32m&amp#27;[1mstandard_user&amp#27;[0m&amp#27;[32m"&amp#27;[0m &amp#27;[90m# com.hanrideb.Steps.LoginSteps.usernameDoldur(java.lang.String)&amp#27;[0m
  &amp#27;[32mAnd &amp#27;[0m&amp#27;[32mpassword doldur "&amp#27;[0m&amp#27;[32m&amp#27;[1msecret_sauce&amp#27;[0m&amp#27;[32m"&amp#27;[0m  &amp#27;[90m# com.hanrideb.Steps.LoginSteps.passwordDoldur(java.lang.String)&amp#27;[0m

@bing
Scenario: Go to site and login2       &amp#27;[90m# src/test/java/com/hanrideb/Feature/Login.feature:12&amp#27;[0m

@bing
Scenario: Go to site and login3 &amp#27;[90m# src/test/java/com/hanrideb/Feature/Login.feature:20&amp#27;[0m

@bing
Scenario: Go to site and login        &amp#27;[90m# src/test/java/com/hanrideb/Feature/Login.feature:4&amp#27;[0m
  &amp#27;[32mWhen &amp#27;[0m&amp#27;[32msubmit buttonuna tıkla&amp#27;[0m         &amp#27;[90m# com.hanrideb.Steps.LoginSteps.submit_buttonuna_tıkla()&amp#27;[0m
  &amp#27;[32mThen &amp#27;[0m&amp#27;[32mUrl verfy et&amp#27;[0m                   &amp#27;[90m# com.hanrideb.Steps.LoginSteps.url_verfy_et()&amp#27;[0m
]]></system-out>
    <system-err><![CDATA[console.error: BackgroundUpdate: 
  _reasonsToNotScheduleUpdates: Failed to check for Maintenance Service Registry Key: [Exception... "Component returned failure code: 0x80004001 (NS_ERROR_NOT_IMPLEMENTED) [nsIUpdateProcessor.getServiceRegKeyExists]"  nsresult: "0x80004001 (NS_ERROR_NOT_IMPLEMENTED)"  location: "JS frame :: resource://gre/modules/BackgroundUpdate.jsm :: _reasonsToNotScheduleUpdates :: line 243"  data: no]
console.error: BackgroundUpdate: 
  _reasonsToNotScheduleUpdates: Failed to check for Maintenance Service Registry Key: [Exception... "Component returned failure code: 0x80004001 (NS_ERROR_NOT_IMPLEMENTED) [nsIUpdateProcessor.getServiceRegKeyExists]"  nsresult: "0x80004001 (NS_ERROR_NOT_IMPLEMENTED)"  location: "JS frame :: resource://gre/modules/BackgroundUpdate.jsm :: _reasonsToNotScheduleUpdates :: line 243"  data: no]
DevTools listening on ws://localhost:51347/devtools/browser/1b20f104-552c-4edb-9220-760a5f4790dd
1644520248938	Marionette	INFO	Listening on port 59465
1644520248972	RemoteAgent	WARN	TLS certificate errors will be ignored for this session
Feb 10, 2022 10:10:48 PM org.openqa.selenium.remote.ProtocolHandshake createSession
INFO: Detected dialect: W3C
console.error: BackgroundUpdate: 
  _reasonsToNotScheduleUpdates: Failed to check for Maintenance Service Registry Key: [Exception... "Component returned failure code: 0x80004001 (NS_ERROR_NOT_IMPLEMENTED) [nsIUpdateProcessor.getServiceRegKeyExists]"  nsresult: "0x80004001 (NS_ERROR_NOT_IMPLEMENTED)"  location: "JS frame :: resource://gre/modules/BackgroundUpdate.jsm :: _reasonsToNotScheduleUpdates :: line 243"  data: no]
DevTools listening on ws://localhost:63733/devtools/browser/57f170a8-4f8f-41eb-819b-71d1d86fc98b
1644520249075	Marionette	INFO	Listening on port 59466
1644520249173	RemoteAgent	WARN	TLS certificate errors will be ignored for this session
Feb 10, 2022 10:10:49 PM org.openqa.selenium.remote.ProtocolHandshake createSession
INFO: Detected dialect: W3C
DevTools listening on ws://localhost:59530/devtools/browser/a59d17f0-6d9f-4b6a-adac-e4d7b93eda86
1644520249291	Marionette	INFO	Listening on port 59464
1644520249382	RemoteAgent	WARN	TLS certificate errors will be ignored for this session
Feb 10, 2022 10:10:49 PM org.openqa.selenium.remote.ProtocolHandshake createSession
INFO: Detected dialect: W3C
]]></system-err>
  </testcase>
  <testcase name="runScenario[&quot;Go to site and login2&quot;, &quot;Optional[Login Test]&quot;](3)" classname="com.hanrideb.Runner.Runner" time="0.566">
    <system-out><![CDATA[  &amp#27;[32mWhen &amp#27;[0m&amp#27;[32msubmit buttonuna tıkla&amp#27;[0m         &amp#27;[90m# com.hanrideb.Steps.LoginSteps.submit_buttonuna_tıkla()&amp#27;[0m
  &amp#27;[32mThen &amp#27;[0m&amp#27;[32mUrl verfy et&amp#27;[0m                   &amp#27;[90m# com.hanrideb.Steps.LoginSteps.url_verfy_et()&amp#27;[0m
]]></system-out>
  </testcase>
  <testcase name="runScenario[&quot;Go to site and login2&quot;, &quot;Optional[Login Test]&quot;](2)" classname="com.hanrideb.Runner.Runner" time="2.488">
    <system-out><![CDATA[  &amp#27;[32mAnd &amp#27;[0m&amp#27;[32musername doldur "&amp#27;[0m&amp#27;[32m&amp#27;[1mstandard_user&amp#27;[0m&amp#27;[32m"&amp#27;[0m &amp#27;[90m# com.hanrideb.Steps.LoginSteps.usernameDoldur(java.lang.String)&amp#27;[0m
  &amp#27;[32mAnd &amp#27;[0m&amp#27;[32mpassword doldur "&amp#27;[0m&amp#27;[32m&amp#27;[1msecret_sauce&amp#27;[0m&amp#27;[32m"&amp#27;[0m  &amp#27;[90m# com.hanrideb.Steps.LoginSteps.passwordDoldur(java.lang.String)&amp#27;[0m
  &amp#27;[32mWhen &amp#27;[0m&amp#27;[32msubmit buttonuna tıkla&amp#27;[0m         &amp#27;[90m# com.hanrideb.Steps.LoginSteps.submit_buttonuna_tıkla()&amp#27;[0m
  &amp#27;[32mThen &amp#27;[0m&amp#27;[32mUrl verfy et&amp#27;[0m                   &amp#27;[90m# com.hanrideb.Steps.LoginSteps.url_verfy_et()&amp#27;[0m
]]></system-out>
    <system-err><![CDATA[1644520251374	Marionette	INFO	Stopped listening on port 59465
]]></system-err>
  </testcase>
  <testcase name="runScenario[&quot;Go to site and login&quot;, &quot;Optional[Login Test]&quot;](3)" classname="com.hanrideb.Runner.Runner" time="3.785">
    <system-out><![CDATA[  &amp#27;[32mWhen &amp#27;[0m&amp#27;[32msubmit buttonuna tıkla&amp#27;[0m         &amp#27;[90m# com.hanrideb.Steps.LoginSteps.submit_buttonuna_tıkla()&amp#27;[0m
  &amp#27;[32mThen &amp#27;[0m&amp#27;[32mUrl verfy et&amp#27;[0m                   &amp#27;[90m# com.hanrideb.Steps.LoginSteps.url_verfy_et()&amp#27;[0m
]]></system-out>
    <system-err><![CDATA[console.warn: LoginRecipes: "getRecipes: falling back to a synchronous message for:" "https://www.saucedemo.com"
console.warn: LoginRecipes: "getRecipes: falling back to a synchronous message for:" "https://www.saucedemo.com"
JavaScript error: resource://gre/modules/LoginManagerParent.jsm, line 136: TypeError: gRecipeManager is null
1644520252644	Marionette	INFO	Stopped listening on port 59464

###!!! [Parent][RunMessage] Error: Channel closing: too late to send/recv, messages will be lost

]]></system-err>
  </testcase>
</testsuite>