<?xml version="1.0" encoding="UTF-8"?>
<testng-results ignored="0" total="6" passed="6" failed="0" skipped="0">
  <reporter-output>
  </reporter-output>
  <suite started-at="2022-02-10T22:10:44 TRT" name="Multi browser test" finished-at="2022-02-10T22:10:53 TRT" duration-ms="8593">
    <groups>
      <group name="cucumber">
        <method signature="AbstractTestNGCucumberTests.runScenario(io.cucumber.testng.PickleWrapper,io.cucumber.testng.FeatureWrapper)[pri:0, instance:com.hanrideb.Runner.Runner@56de5251]" name="runScenario" class="io.cucumber.testng.AbstractTestNGCucumberTests"/>
        <method signature="AbstractTestNGCucumberTests.runScenario(io.cucumber.testng.PickleWrapper,io.cucumber.testng.FeatureWrapper)[pri:0, instance:com.hanrideb.Runner.Runner@1b1473ab]" name="runScenario" class="io.cucumber.testng.AbstractTestNGCucumberTests"/>
      </group> <!-- cucumber -->
    </groups>
    <test started-at="2022-02-10T22:10:44 TRT" name="Chrome execution" finished-at="2022-02-10T22:10:50 TRT" duration-ms="5653">
      <class name="com.hanrideb.Runner.Runner">
        <test-method is-config="true" signature="setUpClass()[pri:0, instance:com.hanrideb.Runner.Runner@56de5251]" started-at="2022-02-10T22:10:44 TRT" name="setUpClass" finished-at="2022-02-10T22:10:45 TRT" duration-ms="606" status="PASS">
          <reporter-output>
          </reporter-output>
        </test-method> <!-- setUpClass -->
        <test-method is-config="true" signature="beforeClass(java.lang.String)[pri:0, instance:com.hanrideb.Runner.Runner@56de5251]" started-at="2022-02-10T22:10:45 TRT" name="beforeClass" finished-at="2022-02-10T22:10:47 TRT" duration-ms="1918" status="PASS">
          <params>
            <param index="0">
              <value>
                <![CDATA[chrome]]>
              </value>
            </param>
          </params>
          <reporter-output>
          </reporter-output>
        </test-method> <!-- beforeClass -->
        <test-method is-config="true" signature="beforeClass(java.lang.String)[pri:0, instance:com.hanrideb.Runner.Runner@56de5251]" started-at="2022-02-10T22:10:45 TRT" name="beforeClass" finished-at="2022-02-10T22:10:47 TRT" duration-ms="1918" status="PASS">
          <params>
            <param index="0">
              <value>
                <![CDATA[chrome]]>
              </value>
            </param>
          </params>
          <reporter-output>
          </reporter-output>
        </test-method> <!-- beforeClass -->
        <test-method is-config="true" signature="beforeClass(java.lang.String)[pri:0, instance:com.hanrideb.Runner.Runner@56de5251]" started-at="2022-02-10T22:10:45 TRT" name="beforeClass" finished-at="2022-02-10T22:10:47 TRT" duration-ms="1981" status="PASS">
          <params>
            <param index="0">
              <value>
                <![CDATA[chrome]]>
              </value>
            </param>
          </params>
          <reporter-output>
          </reporter-output>
        </test-method> <!-- beforeClass -->
        <test-method signature="runScenario(io.cucumber.testng.PickleWrapper,io.cucumber.testng.FeatureWrapper)[pri:0, instance:com.hanrideb.Runner.Runner@56de5251]" started-at="2022-02-10T22:10:47 TRT" name="runScenario" description="Runs Cucumber Scenarios" data-provider="scenarios" finished-at="2022-02-10T22:10:49 TRT" duration-ms="2784" status="PASS">
          <params>
            <param index="0">
              <value>
                <![CDATA["Go to site and login2"]]>
              </value>
            </param>
            <param index="1">
              <value>
                <![CDATA["Optional[Login Test]"]]>
              </value>
            </param>
          </params>
          <reporter-output>
          </reporter-output>
        </test-method> <!-- runScenario -->
        <test-method signature="runScenario(io.cucumber.testng.PickleWrapper,io.cucumber.testng.FeatureWrapper)[pri:0, instance:com.hanrideb.Runner.Runner@56de5251]" started-at="2022-02-10T22:10:47 TRT" name="runScenario" description="Runs Cucumber Scenarios" data-provider="scenarios" finished-at="2022-02-10T22:10:49 TRT" duration-ms="2605" status="PASS">
          <params>
            <param index="0">
              <value>
                <![CDATA["Go to site and login"]]>
              </value>
            </param>
            <param index="1">
              <value>
                <![CDATA["Optional[Login Test]"]]>
              </value>
            </param>
          </params>
          <reporter-output>
          </reporter-output>
        </test-method> <!-- runScenario -->
        <test-method signature="runScenario(io.cucumber.testng.PickleWrapper,io.cucumber.testng.FeatureWrapper)[pri:0, instance:com.hanrideb.Runner.Runner@56de5251]" started-at="2022-02-10T22:10:47 TRT" name="runScenario" description="Runs Cucumber Scenarios" data-provider="scenarios" finished-at="2022-02-10T22:10:48 TRT" duration-ms="1128" status="PASS">
          <params>
            <param index="0">
              <value>
                <![CDATA["Go to site and login3"]]>
              </value>
            </param>
            <param index="1">
              <value>
                <![CDATA["Optional[Login Test]"]]>
              </value>
            </param>
          </params>
          <reporter-output>
          </reporter-output>
        </test-method> <!-- runScenario -->
        <test-method is-config="true" signature="tearDownClass()[pri:0, instance:com.hanrideb.Runner.Runner@56de5251]" started-at="2022-02-10T22:10:49 TRT" name="tearDownClass" finished-at="2022-02-10T22:10:50 TRT" duration-ms="316" status="PASS">
          <reporter-output>
          </reporter-output>
        </test-method> <!-- tearDownClass -->
      </class> <!-- com.hanrideb.Runner.Runner -->
    </test> <!-- Chrome execution -->
    <test started-at="2022-02-10T22:10:44 TRT" name="Firefox execution" finished-at="2022-02-10T22:10:53 TRT" duration-ms="8593">
      <class name="com.hanrideb.Runner.Runner">
        <test-method is-config="true" signature="setUpClass()[pri:0, instance:com.hanrideb.Runner.Runner@1b1473ab]" started-at="2022-02-10T22:10:44 TRT" name="setUpClass" finished-at="2022-02-10T22:10:45 TRT" duration-ms="606" status="PASS">
          <reporter-output>
          </reporter-output>
        </test-method> <!-- setUpClass -->
        <test-method is-config="true" signature="beforeClass(java.lang.String)[pri:0, instance:com.hanrideb.Runner.Runner@1b1473ab]" started-at="2022-02-10T22:10:45 TRT" name="beforeClass" finished-at="2022-02-10T22:10:49 TRT" duration-ms="3931" status="PASS">
          <params>
            <param index="0">
              <value>
                <![CDATA[firefox]]>
              </value>
            </param>
          </params>
          <reporter-output>
          </reporter-output>
        </test-method> <!-- beforeClass -->
        <test-method is-config="true" signature="beforeClass(java.lang.String)[pri:0, instance:com.hanrideb.Runner.Runner@1b1473ab]" started-at="2022-02-10T22:10:45 TRT" name="beforeClass" finished-at="2022-02-10T22:10:49 TRT" duration-ms="3748" status="PASS">
          <params>
            <param index="0">
              <value>
                <![CDATA[firefox]]>
              </value>
            </param>
          </params>
          <reporter-output>
          </reporter-output>
        </test-method> <!-- beforeClass -->
        <test-method is-config="true" signature="beforeClass(java.lang.String)[pri:0, instance:com.hanrideb.Runner.Runner@1b1473ab]" started-at="2022-02-10T22:10:45 TRT" name="beforeClass" finished-at="2022-02-10T22:10:49 TRT" duration-ms="4136" status="PASS">
          <params>
            <param index="0">
              <value>
                <![CDATA[firefox]]>
              </value>
            </param>
          </params>
          <reporter-output>
          </reporter-output>
        </test-method> <!-- beforeClass -->
        <test-method signature="runScenario(io.cucumber.testng.PickleWrapper,io.cucumber.testng.FeatureWrapper)[pri:0, instance:com.hanrideb.Runner.Runner@1b1473ab]" started-at="2022-02-10T22:10:49 TRT" name="runScenario" description="Runs Cucumber Scenarios" data-provider="scenarios" finished-at="2022-02-10T22:10:51 TRT" duration-ms="2876" status="PASS">
          <params>
            <param index="0">
              <value>
                <![CDATA["Go to site and login2"]]>
              </value>
            </param>
            <param index="1">
              <value>
                <![CDATA["Optional[Login Test]"]]>
              </value>
            </param>
          </params>
          <reporter-output>
          </reporter-output>
        </test-method> <!-- runScenario -->
        <test-method signature="runScenario(io.cucumber.testng.PickleWrapper,io.cucumber.testng.FeatureWrapper)[pri:0, instance:com.hanrideb.Runner.Runner@1b1473ab]" started-at="2022-02-10T22:10:49 TRT" name="runScenario" description="Runs Cucumber Scenarios" data-provider="scenarios" finished-at="2022-02-10T22:10:51 TRT" duration-ms="2104" status="PASS">
          <params>
            <param index="0">
              <value>
                <![CDATA["Go to site and login3"]]>
              </value>
            </param>
            <param index="1">
              <value>
                <![CDATA["Optional[Login Test]"]]>
              </value>
            </param>
          </params>
          <reporter-output>
          </reporter-output>
        </test-method> <!-- runScenario -->
        <test-method signature="runScenario(io.cucumber.testng.PickleWrapper,io.cucumber.testng.FeatureWrapper)[pri:0, instance:com.hanrideb.Runner.Runner@1b1473ab]" started-at="2022-02-10T22:10:49 TRT" name="runScenario" description="Runs Cucumber Scenarios" data-provider="scenarios" finished-at="2022-02-10T22:10:53 TRT" duration-ms="3771" status="PASS">
          <params>
            <param index="0">
              <value>
                <![CDATA["Go to site and login"]]>
              </value>
            </param>
            <param index="1">
              <value>
                <![CDATA["Optional[Login Test]"]]>
              </value>
            </param>
          </params>
          <reporter-output>
          </reporter-output>
        </test-method> <!-- runScenario -->
        <test-method is-config="true" signature="tearDownClass()[pri:0, instance:com.hanrideb.Runner.Runner@1b1473ab]" started-at="2022-02-10T22:10:53 TRT" name="tearDownClass" finished-at="2022-02-10T22:10:53 TRT" duration-ms="52" status="PASS">
          <reporter-output>
          </reporter-output>
        </test-method> <!-- tearDownClass -->
      </class> <!-- com.hanrideb.Runner.Runner -->
    </test> <!-- Firefox execution -->
  </suite> <!-- Multi browser test -->
</testng-results>
