<?xml version="1.0" encoding="UTF-8"?>
<!-- Generated by org.testng.reporters.JUnitXMLReporter -->
<testsuite ignored="0" hostname="bedirhan-MacBook-Pro.local" failures="0" tests="3" name="Chrome execution" time="5.653" errors="0" timestamp="2022-02-10T22:10:50 TRT">
  <testcase classname="io.cucumber.testng.AbstractTestNGCucumberTests" name="runScenario" time="1.128"/>
  <testcase classname="io.cucumber.testng.AbstractTestNGCucumberTests" name="runScenario" time="2.605"/>
  <testcase classname="io.cucumber.testng.AbstractTestNGCucumberTests" name="runScenario" time="2.784"/>
</testsuite> <!-- Chrome execution -->
